<?xml version="1.0" encoding="UTF-8"?>
<testsuite xmlns:xsi="http://www.w3.org/2001/XMLSchema-instance" xsi:noNamespaceSchemaLocation="https://maven.apache.org/surefire/maven-surefire-plugin/xsd/surefire-test-report.xsd" name="com.acme.ex2.repository.BookRepositoryTest" time="4.787" tests="6" errors="0" skipped="0" failures="0">
  <properties>
[...]
</properties>
  <testcase name="testFind" classname="com.acme.ex2.repository.BookRepositoryTest" time="0.248"/>
  <testcase name="testSave" classname="com.acme.ex2.repository.BookRepositoryTest" time="0.024"/>
  <testcase name="testGetById" classname="com.acme.ex2.repository.BookRepositoryTest" time="0.027"/>
  <testcase name="testDelete" classname="com.acme.ex2.repository.BookRepositoryTest" time="0.025"/>
  <testcase name="testUpdateExisting" classname="com.acme.ex2.repository.BookRepositoryTest" time="0.016"/>
  <testcase name="testGetByIdWithLazyLoading" classname="com.acme.ex2.repository.BookRepositoryTest" time="0.025"/>
</testsuite>